Tue Sep 11 13:22:56 2018	init
Tue Sep 11 13:23:10 2018	updated
Tue Sep 11 13:24:01 2018	updated
Tue Sep 11 13:24:05 2018	updated
Tue Sep 11 13:24:11 2018	updated
Tue Sep 11 15:44:31 2018	updated
Wed Sep 12 15:32:19 2018	updated
Thu Sep 13 14:30:47 2018	updated
Fri Sep 14 14:30:47 2018	updated
Sat Sep 15 14:30:50 2018	updated
Mon Sep 17 14:30:47 2018	updated
Tue Sep 18 14:30:47 2018	updated
Wed Sep 19 14:30:47 2018	updated
Thu Sep 20 14:30:47 2018	updated
Fri Sep 21 14:30:47 2018	updated
Sat Sep 22 14:30:47 2018	updated
Sun Sep 23 14:30:48 2018	updated
Mon Sep 24 14:30:47 2018	updated
Tue Sep 25 14:30:47 2018	updated
Wed Sep 26 14:30:48 2018	updated
Fri Sep 28 14:30:51 2018	updated
Sat Sep 29 14:30:47 2018	updated
Mon Oct  1 14:30:47 2018	updated
Tue Oct  2 14:30:47 2018	updated
Wed Oct  3 14:30:47 2018	updated
Thu Oct  4 14:30:48 2018	updated
Fri Oct  5 14:30:46 2018	updated
Sat Oct  6 14:30:46 2018	updated
Mon Oct  8 14:30:48 2018	updated
Tue Oct  9 14:30:47 2018	updated
Wed Oct 10 14:30:48 2018	updated
Thu Oct 11 14:30:47 2018	updated
Fri Oct 12 14:30:48 2018	updated
Sat Oct 13 14:30:47 2018	updated
Sun Oct 14 14:30:47 2018	updated
Mon Oct 15 14:30:46 2018	updated
Tue Oct 16 14:30:48 2018	updated
Wed Oct 17 14:30:47 2018	updated
Thu Oct 18 14:30:47 2018	updated
Fri Oct 19 14:30:47 2018	updated
